0 info it worked if it ends with ok
1 verbose cli [ 'node', '/usr/local/bin/npm', 'start' ]
2 info using npm@3.4.0
3 info using node@v0.12.6
4 verbose node symlink /usr/local/bin/node
5 verbose run-script [ 'prestart', 'start', 'poststart' ]
6 info lifecycle react-demo@1.0.0~prestart: react-demo@1.0.0
7 silly lifecycle react-demo@1.0.0~prestart: no script for prestart, continuing
8 info lifecycle react-demo@1.0.0~start: react-demo@1.0.0
9 verbose lifecycle react-demo@1.0.0~start: unsafe-perm in lifecycle true
10 verbose lifecycle react-demo@1.0.0~start: PATH: /usr/local/lib/node_modules/npm/bin/node-gyp-bin:/Users/tarcuri/Sites/ReactDemo/node_modules/.bin:/usr/local/sbin:/Users/tarcuri/.rbenv/shims:/usr/local/heroku/bin:/usr/local/bin:/Users/tarcuri/.composer/vendor/bin:/Applications/MAMP/Library/bin/:/usr/local/bin:/usr/bin:/bin:/usr/sbin:/sbin:/Users/tarcuri/npm/bin:/Library/Java/JavaVirtualMachines/jdk1.8.0_45.jdk/Contents/Home/bin:/Users/tarcuri/.rvm/bin
11 verbose lifecycle react-demo@1.0.0~start: CWD: /Users/tarcuri/Sites/ReactDemo
12 silly lifecycle react-demo@1.0.0~start: Args: [ '-c', 'webpack-dev-server' ]
13 silly lifecycle react-demo@1.0.0~start: Returned: code: 1  signal: null
14 info lifecycle react-demo@1.0.0~start: Failed to exec start script
15 verbose stack Error: react-demo@1.0.0 start: `webpack-dev-server`
15 verbose stack Exit status 1
15 verbose stack     at EventEmitter.<anonymous> (/usr/local/lib/node_modules/npm/lib/utils/lifecycle.js:232:16)
15 verbose stack     at EventEmitter.emit (events.js:110:17)
15 verbose stack     at ChildProcess.<anonymous> (/usr/local/lib/node_modules/npm/lib/utils/spawn.js:24:14)
15 verbose stack     at ChildProcess.emit (events.js:110:17)
15 verbose stack     at maybeClose (child_process.js:1015:16)
15 verbose stack     at Process.ChildProcess._handle.onexit (child_process.js:1087:5)
16 verbose pkgid react-demo@1.0.0
17 verbose cwd /Users/tarcuri/Sites/ReactDemo
18 error Darwin 14.3.0
19 error argv "node" "/usr/local/bin/npm" "start"
20 error node v0.12.6
21 error npm  v3.4.0
22 error code ELIFECYCLE
23 error react-demo@1.0.0 start: `webpack-dev-server`
23 error Exit status 1
24 error Failed at the react-demo@1.0.0 start script 'webpack-dev-server'.
24 error Make sure you have the latest version of node.js and npm installed.
24 error If you do, this is most likely a problem with the react-demo package,
24 error not with npm itself.
24 error Tell the author that this fails on your system:
24 error     webpack-dev-server
24 error You can get their info via:
24 error     npm owner ls react-demo
24 error There is likely additional logging output above.
25 verbose exit [ 1, true ]
